Sending build context to Docker daemon  4.608kB
Step 1/8 : FROM centos:7
 ---> 8652b9f0cb4c
Step 2/8 : RUN cd /etc/yum.repos.d && mkdir backup && mv *.repo backup
 ---> Using cache
 ---> 17013733ef55
Step 3/8 : COPY yum.repos.d/*.repo /etc/yum.repos.d/
COPY failed: no source files were specified
Sending build context to Docker daemon  4.608kB
Step 1/8 : FROM centos:7
 ---> 8652b9f0cb4c
Step 2/8 : RUN cd /etc/yum.repos.d && mkdir backup && mv *.repo backup
 ---> Using cache
 ---> 17013733ef55
Step 3/8 : COPY yum.repos.d/*.repo /etc/yum.repos.d/
COPY failed: no source files were specified
Sending build context to Docker daemon  4.608kB
Step 1/8 : FROM centos:7
 ---> 8652b9f0cb4c
Step 2/8 : RUN cd /etc/yum.repos.d && mkdir backup && mv *.repo backup
 ---> Using cache
 ---> 17013733ef55
Step 3/8 : COPY yum.repos.d/*.repo /etc/yum.repos.d/
COPY failed: no source files were specified
Sending build context to Docker daemon  4.608kB
Step 1/8 : FROM centos:7
 ---> 8652b9f0cb4c
Step 2/8 : RUN cd /etc/yum.repos.d && mkdir backup && mv *.repo backup
 ---> Using cache
 ---> 17013733ef55
Step 3/8 : COPY *.repo /etc/yum.repos.d/
 ---> 42cc6d17d13c
Step 4/8 : RUN yum clean all     && yum install -y mariadb mariadb-server     && yum clean all
 ---> Running in 17c4726ea105
Loaded plugins: fastestmirror, ovl
Cleaning repos: extras libvirt openstack os updates
Loaded plugins: fastestmirror, ovl
Determining fastest mirrors
Resolving Dependencies
--> Running transaction check
---> Package mariadb.x86_64 3:10.1.20-2.el7 will be installed
--> Processing Dependency: mariadb-common(x86-64) = 3:10.1.20-2.el7 for package: 3:mariadb-10.1.20-2.el7.x86_64
--> Processing Dependency: mariadb-libs(x86-64) = 3:10.1.20-2.el7 for package: 3:mariadb-10.1.20-2.el7.x86_64
--> Processing Dependency: /usr/bin/perl for package: 3:mariadb-10.1.20-2.el7.x86_64
--> Processing Dependency: perl(Exporter) for package: 3:mariadb-10.1.20-2.el7.x86_64
--> Processing Dependency: perl(Fcntl) for package: 3:mariadb-10.1.20-2.el7.x86_64
--> Processing Dependency: perl(File::Temp) for package: 3:mariadb-10.1.20-2.el7.x86_64
--> Processing Dependency: perl(Getopt::Long) for package: 3:mariadb-10.1.20-2.el7.x86_64
--> Processing Dependency: perl(IPC::Open3) for package: 3:mariadb-10.1.20-2.el7.x86_64
--> Processing Dependency: perl(Sys::Hostname) for package: 3:mariadb-10.1.20-2.el7.x86_64
--> Processing Dependency: libedit.so.0()(64bit) for package: 3:mariadb-10.1.20-2.el7.x86_64
---> Package mariadb-server.x86_64 3:10.1.20-2.el7 will be installed
--> Processing Dependency: mariadb-errmsg(x86-64) = 3:10.1.20-2.el7 for package: 3:mariadb-server-10.1.20-2.el7.x86_64
--> Processing Dependency: /etc/my.cnf for package: 3:mariadb-server-10.1.20-2.el7.x86_64
--> Processing Dependency: /etc/my.cnf.d for package: 3:mariadb-server-10.1.20-2.el7.x86_64
--> Processing Dependency: libaio.so.1(LIBAIO_0.1)(64bit) for package: 3:mariadb-server-10.1.20-2.el7.x86_64
--> Processing Dependency: libaio.so.1(LIBAIO_0.4)(64bit) for package: 3:mariadb-server-10.1.20-2.el7.x86_64
--> Processing Dependency: lsof for package: 3:mariadb-server-10.1.20-2.el7.x86_64
--> Processing Dependency: net-tools for package: 3:mariadb-server-10.1.20-2.el7.x86_64
--> Processing Dependency: perl(DBD::mysql) for package: 3:mariadb-server-10.1.20-2.el7.x86_64
--> Processing Dependency: perl(DBI) for package: 3:mariadb-server-10.1.20-2.el7.x86_64
--> Processing Dependency: perl(Data::Dumper) for package: 3:mariadb-server-10.1.20-2.el7.x86_64
--> Processing Dependency: perl(File::Path) for package: 3:mariadb-server-10.1.20-2.el7.x86_64
--> Processing Dependency: rsync for package: 3:mariadb-server-10.1.20-2.el7.x86_64
--> Processing Dependency: socat for package: 3:mariadb-server-10.1.20-2.el7.x86_64
--> Processing Dependency: libaio.so.1()(64bit) for package: 3:mariadb-server-10.1.20-2.el7.x86_64
--> Running transaction check
---> Package libaio.x86_64 0:0.3.109-13.el7 will be installed
---> Package libedit.x86_64 0:3.0-12.20121213cvs.el7 will be installed
---> Package lsof.x86_64 0:4.87-6.el7 will be installed
---> Package mariadb-common.x86_64 3:10.1.20-2.el7 will be installed
---> Package mariadb-config.x86_64 3:10.1.20-2.el7 will be installed
---> Package mariadb-errmsg.x86_64 3:10.1.20-2.el7 will be installed
---> Package mariadb-libs.x86_64 3:10.1.20-2.el7 will be installed
---> Package net-tools.x86_64 0:2.0-0.25.20131004git.el7 will be installed
---> Package perl.x86_64 4:5.16.3-299.el7_9 will be installed
--> Processing Dependency: perl-libs = 4:5.16.3-299.el7_9 for package: 4:perl-5.16.3-299.el7_9.x86_64
--> Processing Dependency: perl(Socket) >= 1.3 for package: 4:perl-5.16.3-299.el7_9.x86_64
--> Processing Dependency: perl(Scalar::Util) >= 1.10 for package: 4:perl-5.16.3-299.el7_9.x86_64
--> Processing Dependency: perl-macros for package: 4:perl-5.16.3-299.el7_9.x86_64
--> Processing Dependency: perl-libs for package: 4:perl-5.16.3-299.el7_9.x86_64
--> Processing Dependency: perl(threads::shared) for package: 4:perl-5.16.3-299.el7_9.x86_64
--> Processing Dependency: perl(threads) for package: 4:perl-5.16.3-299.el7_9.x86_64
--> Processing Dependency: perl(constant) for package: 4:perl-5.16.3-299.el7_9.x86_64
--> Processing Dependency: perl(Time::Local) for package: 4:perl-5.16.3-299.el7_9.x86_64
--> Processing Dependency: perl(Time::HiRes) for package: 4:perl-5.16.3-299.el7_9.x86_64
--> Processing Dependency: perl(Storable) for package: 4:perl-5.16.3-299.el7_9.x86_64
--> Processing Dependency: perl(Socket) for package: 4:perl-5.16.3-299.el7_9.x86_64
--> Processing Dependency: perl(Scalar::Util) for package: 4:perl-5.16.3-299.el7_9.x86_64
--> Processing Dependency: perl(Pod::Simple::XHTML) for package: 4:perl-5.16.3-299.el7_9.x86_64
--> Processing Dependency: perl(Pod::Simple::Search) for package: 4:perl-5.16.3-299.el7_9.x86_64
--> Processing Dependency: perl(Filter::Util::Call) for package: 4:perl-5.16.3-299.el7_9.x86_64
--> Processing Dependency: perl(File::Spec::Unix) for package: 4:perl-5.16.3-299.el7_9.x86_64
--> Processing Dependency: perl(File::Spec::Functions) for package: 4:perl-5.16.3-299.el7_9.x86_64
--> Processing Dependency: perl(File::Spec) for package: 4:perl-5.16.3-299.el7_9.x86_64
--> Processing Dependency: perl(Cwd) for package: 4:perl-5.16.3-299.el7_9.x86_64
--> Processing Dependency: perl(Carp) for package: 4:perl-5.16.3-299.el7_9.x86_64
--> Processing Dependency: libperl.so()(64bit) for package: 4:perl-5.16.3-299.el7_9.x86_64
---> Package perl-DBD-MySQL.x86_64 0:4.023-6.el7 will be installed
---> Package perl-DBI.x86_64 0:1.627-4.el7 will be installed
--> Processing Dependency: perl(RPC::PlServer) >= 0.2001 for package: perl-DBI-1.627-4.el7.x86_64
--> Processing Dependency: perl(RPC::PlClient) >= 0.2000 for package: perl-DBI-1.627-4.el7.x86_64
---> Package perl-Data-Dumper.x86_64 0:2.145-3.el7 will be installed
---> Package perl-Exporter.noarch 0:5.68-3.el7 will be installed
---> Package perl-File-Path.noarch 0:2.09-2.el7 will be installed
---> Package perl-File-Temp.noarch 0:0.23.01-3.el7 will be installed
---> Package perl-Getopt-Long.noarch 0:2.40-3.el7 will be installed
--> Processing Dependency: perl(Pod::Usage) >= 1.14 for package: perl-Getopt-Long-2.40-3.el7.noarch
--> Processing Dependency: perl(Text::ParseWords) for package: perl-Getopt-Long-2.40-3.el7.noarch
---> Package rsync.x86_64 0:3.1.2-10.el7 will be installed
---> Package socat.x86_64 0:1.7.3.2-2.el7 will be installed
--> Processing Dependency: libwrap.so.0()(64bit) for package: socat-1.7.3.2-2.el7.x86_64
--> Running transaction check
---> Package perl-Carp.noarch 0:1.26-244.el7 will be installed
---> Package perl-Filter.x86_64 0:1.49-3.el7 will be installed
---> Package perl-PathTools.x86_64 0:3.40-5.el7 will be installed
---> Package perl-PlRPC.noarch 0:0.2020-14.el7 will be installed
--> Processing Dependency: perl(Net::Daemon) >= 0.13 for package: perl-PlRPC-0.2020-14.el7.noarch
--> Processing Dependency: perl(Net::Daemon::Test) for package: perl-PlRPC-0.2020-14.el7.noarch
--> Processing Dependency: perl(Net::Daemon::Log) for package: perl-PlRPC-0.2020-14.el7.noarch
--> Processing Dependency: perl(Compress::Zlib) for package: perl-PlRPC-0.2020-14.el7.noarch
---> Package perl-Pod-Simple.noarch 1:3.28-4.el7 will be installed
--> Processing Dependency: perl(Pod::Escapes) >= 1.04 for package: 1:perl-Pod-Simple-3.28-4.el7.noarch
--> Processing Dependency: perl(Encode) for package: 1:perl-Pod-Simple-3.28-4.el7.noarch
---> Package perl-Pod-Usage.noarch 0:1.63-3.el7 will be installed
--> Processing Dependency: perl(Pod::Text) >= 3.15 for package: perl-Pod-Usage-1.63-3.el7.noarch
--> Processing Dependency: perl-Pod-Perldoc for package: perl-Pod-Usage-1.63-3.el7.noarch
---> Package perl-Scalar-List-Utils.x86_64 0:1.27-248.el7 will be installed
---> Package perl-Socket.x86_64 0:2.010-5.el7 will be installed
---> Package perl-Storable.x86_64 0:2.45-3.el7 will be installed
---> Package perl-Text-ParseWords.noarch 0:3.29-4.el7 will be installed
---> Package perl-Time-HiRes.x86_64 4:1.9725-3.el7 will be installed
---> Package perl-Time-Local.noarch 0:1.2300-2.el7 will be installed
---> Package perl-constant.noarch 0:1.27-2.el7 will be installed
---> Package perl-libs.x86_64 4:5.16.3-299.el7_9 will be installed
---> Package perl-macros.x86_64 4:5.16.3-299.el7_9 will be installed
---> Package perl-threads.x86_64 0:1.87-4.el7 will be installed
---> Package perl-threads-shared.x86_64 0:1.43-6.el7 will be installed
---> Package tcp_wrappers-libs.x86_64 0:7.6-77.el7 will be installed
--> Running transaction check
---> Package perl-Encode.x86_64 0:2.51-7.el7 will be installed
---> Package perl-IO-Compress.noarch 0:2.061-2.el7 will be installed
--> Processing Dependency: perl(Compress::Raw::Zlib) >= 2.061 for package: perl-IO-Compress-2.061-2.el7.noarch
--> Processing Dependency: perl(Compress::Raw::Bzip2) >= 2.061 for package: perl-IO-Compress-2.061-2.el7.noarch
---> Package perl-Net-Daemon.noarch 0:0.48-5.el7 will be installed
---> Package perl-Pod-Escapes.noarch 1:1.04-299.el7_9 will be installed
---> Package perl-Pod-Perldoc.noarch 0:3.20-4.el7 will be installed
--> Processing Dependency: perl(parent) for package: perl-Pod-Perldoc-3.20-4.el7.noarch
--> Processing Dependency: perl(HTTP::Tiny) for package: perl-Pod-Perldoc-3.20-4.el7.noarch
--> Processing Dependency: groff-base for package: perl-Pod-Perldoc-3.20-4.el7.noarch
---> Package perl-podlators.noarch 0:2.5.1-3.el7 will be installed
--> Running transaction check
---> Package groff-base.x86_64 0:1.22.2-8.el7 will be installed
---> Package perl-Compress-Raw-Bzip2.x86_64 0:2.061-3.el7 will be installed
---> Package perl-Compress-Raw-Zlib.x86_64 1:2.061-4.el7 will be installed
---> Package perl-HTTP-Tiny.noarch 0:0.033-3.el7 will be installed
---> Package perl-parent.noarch 1:0.225-244.el7 will be installed
--> Finished Dependency Resolution

Dependencies Resolved

================================================================================
 Package                  Arch    Version                      Repository  Size
================================================================================
Installing:
 mariadb                  x86_64  3:10.1.20-2.el7              openstack  6.3 M
 mariadb-server           x86_64  3:10.1.20-2.el7              openstack   19 M
Installing for dependencies:
 groff-base               x86_64  1.22.2-8.el7                 os         942 k
 libaio                   x86_64  0.3.109-13.el7               os          24 k
 libedit                  x86_64  3.0-12.20121213cvs.el7       os          92 k
 lsof                     x86_64  4.87-6.el7                   os         331 k
 mariadb-common           x86_64  3:10.1.20-2.el7              openstack   63 k
 mariadb-config           x86_64  3:10.1.20-2.el7              openstack   26 k
 mariadb-errmsg           x86_64  3:10.1.20-2.el7              openstack  200 k
 mariadb-libs             x86_64  3:10.1.20-2.el7              openstack  643 k
 net-tools                x86_64  2.0-0.25.20131004git.el7     os         306 k
 perl                     x86_64  4:5.16.3-299.el7_9           updates    8.0 M
 perl-Carp                noarch  1.26-244.el7                 os          19 k
 perl-Compress-Raw-Bzip2  x86_64  2.061-3.el7                  os          32 k
 perl-Compress-Raw-Zlib   x86_64  1:2.061-4.el7                os          57 k
 perl-DBD-MySQL           x86_64  4.023-6.el7                  os         140 k
 perl-DBI                 x86_64  1.627-4.el7                  os         802 k
 perl-Data-Dumper         x86_64  2.145-3.el7                  os          47 k
 perl-Encode              x86_64  2.51-7.el7                   os         1.5 M
 perl-Exporter            noarch  5.68-3.el7                   os          28 k
 perl-File-Path           noarch  2.09-2.el7                   os          26 k
 perl-File-Temp           noarch  0.23.01-3.el7                os          56 k
 perl-Filter              x86_64  1.49-3.el7                   os          76 k
 perl-Getopt-Long         noarch  2.40-3.el7                   os          56 k
 perl-HTTP-Tiny           noarch  0.033-3.el7                  os          38 k
 perl-IO-Compress         noarch  2.061-2.el7                  os         260 k
 perl-Net-Daemon          noarch  0.48-5.el7                   os          51 k
 perl-PathTools           x86_64  3.40-5.el7                   os          82 k
 perl-PlRPC               noarch  0.2020-14.el7                os          36 k
 perl-Pod-Escapes         noarch  1:1.04-299.el7_9             updates     52 k
 perl-Pod-Perldoc         noarch  3.20-4.el7                   os          87 k
 perl-Pod-Simple          noarch  1:3.28-4.el7                 os         216 k
 perl-Pod-Usage           noarch  1.63-3.el7                   os          27 k
 perl-Scalar-List-Utils   x86_64  1.27-248.el7                 os          36 k
 perl-Socket              x86_64  2.010-5.el7                  os          49 k
 perl-Storable            x86_64  2.45-3.el7                   os          77 k
 perl-Text-ParseWords     noarch  3.29-4.el7                   os          14 k
 perl-Time-HiRes          x86_64  4:1.9725-3.el7               os          45 k
 perl-Time-Local          noarch  1.2300-2.el7                 os          24 k
 perl-constant            noarch  1.27-2.el7                   os          19 k
 perl-libs                x86_64  4:5.16.3-299.el7_9           updates    690 k
 perl-macros              x86_64  4:5.16.3-299.el7_9           updates     44 k
 perl-parent              noarch  1:0.225-244.el7              os          12 k
 perl-podlators           noarch  2.5.1-3.el7                  os         112 k
 perl-threads             x86_64  1.87-4.el7                   os          49 k
 perl-threads-shared      x86_64  1.43-6.el7                   os          39 k
 rsync                    x86_64  3.1.2-10.el7                 os         404 k
 socat                    x86_64  1.7.3.2-2.el7                os         290 k
 tcp_wrappers-libs        x86_64  7.6-77.el7                   os          66 k

Transaction Summary
================================================================================
Install  2 Packages (+47 Dependent packages)

Total download size: 42 M
Installed size: 185 M
Downloading packages:
--------------------------------------------------------------------------------
Total                                              2.3 MB/s |  42 MB  00:18     
Running transaction check
Running transaction test
Transaction test succeeded
Running transaction
  Installing : 3:mariadb-config-10.1.20-2.el7.x86_64                       1/49 
  Installing : 3:mariadb-common-10.1.20-2.el7.x86_64                       2/49 
  Installing : 3:mariadb-libs-10.1.20-2.el7.x86_64                         3/49 
  Installing : 3:mariadb-errmsg-10.1.20-2.el7.x86_64                       4/49 
  Installing : rsync-3.1.2-10.el7.x86_64                                   5/49 
  Installing : libedit-3.0-12.20121213cvs.el7.x86_64                       6/49 
  Installing : tcp_wrappers-libs-7.6-77.el7.x86_64                         7/49 
  Installing : socat-1.7.3.2-2.el7.x86_64                                  8/49 
  Installing : libaio-0.3.109-13.el7.x86_64                                9/49 
  Installing : net-tools-2.0-0.25.20131004git.el7.x86_64                  10/49 
  Installing : groff-base-1.22.2-8.el7.x86_64                             11/49 
  Installing : 1:perl-parent-0.225-244.el7.noarch                         12/49 
  Installing : perl-HTTP-Tiny-0.033-3.el7.noarch                          13/49 
  Installing : perl-podlators-2.5.1-3.el7.noarch                          14/49 
  Installing : perl-Pod-Perldoc-3.20-4.el7.noarch                         15/49 
  Installing : 1:perl-Pod-Escapes-1.04-299.el7_9.noarch                   16/49 
  Installing : perl-Encode-2.51-7.el7.x86_64                              17/49 
  Installing : perl-Text-ParseWords-3.29-4.el7.noarch                     18/49 
  Installing : perl-Pod-Usage-1.63-3.el7.noarch                           19/49 
  Installing : 4:perl-macros-5.16.3-299.el7_9.x86_64                      20/49 
  Installing : 4:perl-Time-HiRes-1.9725-3.el7.x86_64                      21/49 
  Installing : perl-Exporter-5.68-3.el7.noarch                            22/49 
  Installing : perl-constant-1.27-2.el7.noarch                            23/49 
  Installing : perl-threads-1.87-4.el7.x86_64                             24/49 
  Installing : perl-Socket-2.010-5.el7.x86_64                             25/49 
  Installing : perl-Time-Local-1.2300-2.el7.noarch                        26/49 
  Installing : perl-Carp-1.26-244.el7.noarch                              27/49 
  Installing : perl-Storable-2.45-3.el7.x86_64                            28/49 
  Installing : perl-threads-shared-1.43-6.el7.x86_64                      29/49 
  Installing : perl-PathTools-3.40-5.el7.x86_64                           30/49 
  Installing : perl-Scalar-List-Utils-1.27-248.el7.x86_64                 31/49 
  Installing : perl-File-Temp-0.23.01-3.el7.noarch                        32/49 
  Installing : perl-File-Path-2.09-2.el7.noarch                           33/49 
  Installing : perl-Filter-1.49-3.el7.x86_64                              34/49 
  Installing : 4:perl-libs-5.16.3-299.el7_9.x86_64                        35/49 
  Installing : 1:perl-Pod-Simple-3.28-4.el7.noarch                        36/49 
  Installing : perl-Getopt-Long-2.40-3.el7.noarch                         37/49 
  Installing : 4:perl-5.16.3-299.el7_9.x86_64                             38/49 
  Installing : perl-Data-Dumper-2.145-3.el7.x86_64                        39/49 
  Installing : 3:mariadb-10.1.20-2.el7.x86_64                             40/49 
  Installing : perl-Net-Daemon-0.48-5.el7.noarch                          41/49 
  Installing : perl-Compress-Raw-Bzip2-2.061-3.el7.x86_64                 42/49 
  Installing : 1:perl-Compress-Raw-Zlib-2.061-4.el7.x86_64                43/49 
  Installing : perl-IO-Compress-2.061-2.el7.noarch                        44/49 
  Installing : perl-PlRPC-0.2020-14.el7.noarch                            45/49 
  Installing : perl-DBI-1.627-4.el7.x86_64                                46/49 
  Installing : perl-DBD-MySQL-4.023-6.el7.x86_64                          47/49 
  Installing : lsof-4.87-6.el7.x86_64                                     48/49 
  Installing : 3:mariadb-server-10.1.20-2.el7.x86_64                      49/49 
  Verifying  : perl-HTTP-Tiny-0.033-3.el7.noarch                           1/49 
  Verifying  : 3:mariadb-libs-10.1.20-2.el7.x86_64                         2/49 
  Verifying  : perl-threads-shared-1.43-6.el7.x86_64                       3/49 
  Verifying  : 4:perl-Time-HiRes-1.9725-3.el7.x86_64                       4/49 
  Verifying  : lsof-4.87-6.el7.x86_64                                      5/49 
  Verifying  : perl-Exporter-5.68-3.el7.noarch                             6/49 
  Verifying  : perl-constant-1.27-2.el7.noarch                             7/49 
  Verifying  : perl-PathTools-3.40-5.el7.x86_64                            8/49 
  Verifying  : perl-threads-1.87-4.el7.x86_64                              9/49 
  Verifying  : perl-Socket-2.010-5.el7.x86_64                             10/49 
  Verifying  : 3:mariadb-10.1.20-2.el7.x86_64                             11/49 
  Verifying  : 1:perl-parent-0.225-244.el7.noarch                         12/49 
  Verifying  : 4:perl-macros-5.16.3-299.el7_9.x86_64                      13/49 
  Verifying  : perl-Net-Daemon-0.48-5.el7.noarch                          14/49 
  Verifying  : 3:mariadb-config-10.1.20-2.el7.x86_64                      15/49 
  Verifying  : groff-base-1.22.2-8.el7.x86_64                             16/49 
  Verifying  : perl-File-Temp-0.23.01-3.el7.noarch                        17/49 
  Verifying  : net-tools-2.0-0.25.20131004git.el7.x86_64                  18/49 
  Verifying  : perl-Data-Dumper-2.145-3.el7.x86_64                        19/49 
  Verifying  : perl-Time-Local-1.2300-2.el7.noarch                        20/49 
  Verifying  : 1:perl-Pod-Escapes-1.04-299.el7_9.noarch                   21/49 
  Verifying  : perl-DBI-1.627-4.el7.x86_64                                22/49 
  Verifying  : libaio-0.3.109-13.el7.x86_64                               23/49 
  Verifying  : perl-Carp-1.26-244.el7.noarch                              24/49 
  Verifying  : 3:mariadb-server-10.1.20-2.el7.x86_64                      25/49 
  Verifying  : perl-Compress-Raw-Bzip2-2.061-3.el7.x86_64                 26/49 
  Verifying  : perl-Storable-2.45-3.el7.x86_64                            27/49 
  Verifying  : perl-Scalar-List-Utils-1.27-248.el7.x86_64                 28/49 
  Verifying  : 1:perl-Compress-Raw-Zlib-2.061-4.el7.x86_64                29/49 
  Verifying  : perl-PlRPC-0.2020-14.el7.noarch                            30/49 
  Verifying  : perl-IO-Compress-2.061-2.el7.noarch                        31/49 
  Verifying  : perl-Pod-Usage-1.63-3.el7.noarch                           32/49 
  Verifying  : 3:mariadb-common-10.1.20-2.el7.x86_64                      33/49 
  Verifying  : perl-Encode-2.51-7.el7.x86_64                              34/49 
  Verifying  : 3:mariadb-errmsg-10.1.20-2.el7.x86_64                      35/49 
  Verifying  : perl-Pod-Perldoc-3.20-4.el7.noarch                         36/49 
  Verifying  : perl-podlators-2.5.1-3.el7.noarch                          37/49 
  Verifying  : tcp_wrappers-libs-7.6-77.el7.x86_64                        38/49 
  Verifying  : 4:perl-5.16.3-299.el7_9.x86_64                             39/49 
  Verifying  : perl-File-Path-2.09-2.el7.noarch                           40/49 
  Verifying  : libedit-3.0-12.20121213cvs.el7.x86_64                      41/49 
  Verifying  : perl-DBD-MySQL-4.023-6.el7.x86_64                          42/49 
  Verifying  : rsync-3.1.2-10.el7.x86_64                                  43/49 
  Verifying  : 1:perl-Pod-Simple-3.28-4.el7.noarch                        44/49 
  Verifying  : perl-Filter-1.49-3.el7.x86_64                              45/49 
  Verifying  : perl-Getopt-Long-2.40-3.el7.noarch                         46/49 
  Verifying  : perl-Text-ParseWords-3.29-4.el7.noarch                     47/49 
  Verifying  : 4:perl-libs-5.16.3-299.el7_9.x86_64                        48/49 
  Verifying  : socat-1.7.3.2-2.el7.x86_64                                 49/49 

Installed:
  mariadb.x86_64 3:10.1.20-2.el7      mariadb-server.x86_64 3:10.1.20-2.el7     

Dependency Installed:
  groff-base.x86_64 0:1.22.2-8.el7                                              
  libaio.x86_64 0:0.3.109-13.el7                                                
  libedit.x86_64 0:3.0-12.20121213cvs.el7                                       
  lsof.x86_64 0:4.87-6.el7                                                      
  mariadb-common.x86_64 3:10.1.20-2.el7                                         
  mariadb-config.x86_64 3:10.1.20-2.el7                                         
  mariadb-errmsg.x86_64 3:10.1.20-2.el7                                         
  mariadb-libs.x86_64 3:10.1.20-2.el7                                           
  net-tools.x86_64 0:2.0-0.25.20131004git.el7                                   
  perl.x86_64 4:5.16.3-299.el7_9                                                
  perl-Carp.noarch 0:1.26-244.el7                                               
  perl-Compress-Raw-Bzip2.x86_64 0:2.061-3.el7                                  
  perl-Compress-Raw-Zlib.x86_64 1:2.061-4.el7                                   
  perl-DBD-MySQL.x86_64 0:4.023-6.el7                                           
  perl-DBI.x86_64 0:1.627-4.el7                                                 
  perl-Data-Dumper.x86_64 0:2.145-3.el7                                         
  perl-Encode.x86_64 0:2.51-7.el7                                               
  perl-Exporter.noarch 0:5.68-3.el7                                             
  perl-File-Path.noarch 0:2.09-2.el7                                            
  perl-File-Temp.noarch 0:0.23.01-3.el7                                         
  perl-Filter.x86_64 0:1.49-3.el7                                               
  perl-Getopt-Long.noarch 0:2.40-3.el7                                          
  perl-HTTP-Tiny.noarch 0:0.033-3.el7                                           
  perl-IO-Compress.noarch 0:2.061-2.el7                                         
  perl-Net-Daemon.noarch 0:0.48-5.el7                                           
  perl-PathTools.x86_64 0:3.40-5.el7                                            
  perl-PlRPC.noarch 0:0.2020-14.el7                                             
  perl-Pod-Escapes.noarch 1:1.04-299.el7_9                                      
  perl-Pod-Perldoc.noarch 0:3.20-4.el7                                          
  perl-Pod-Simple.noarch 1:3.28-4.el7                                           
  perl-Pod-Usage.noarch 0:1.63-3.el7                                            
  perl-Scalar-List-Utils.x86_64 0:1.27-248.el7                                  
  perl-Socket.x86_64 0:2.010-5.el7                                              
  perl-Storable.x86_64 0:2.45-3.el7                                             
  perl-Text-ParseWords.noarch 0:3.29-4.el7                                      
  perl-Time-HiRes.x86_64 4:1.9725-3.el7                                         
  perl-Time-Local.noarch 0:1.2300-2.el7                                         
  perl-constant.noarch 0:1.27-2.el7                                             
  perl-libs.x86_64 4:5.16.3-299.el7_9                                           
  perl-macros.x86_64 4:5.16.3-299.el7_9                                         
  perl-parent.noarch 1:0.225-244.el7                                            
  perl-podlators.noarch 0:2.5.1-3.el7                                           
  perl-threads.x86_64 0:1.87-4.el7                                              
  perl-threads-shared.x86_64 0:1.43-6.el7                                       
  rsync.x86_64 0:3.1.2-10.el7                                                   
  socat.x86_64 0:1.7.3.2-2.el7                                                  
  tcp_wrappers-libs.x86_64 0:7.6-77.el7                                         

Complete!
Loaded plugins: fastestmirror, ovl
Cleaning repos: extras libvirt openstack os updates
Cleaning up list of fastest mirrors
Removing intermediate container 17c4726ea105
 ---> 89063de0182c
Step 5/8 : EXPOSE 3306
 ---> Running in 31b29adc11f5
Removing intermediate container 31b29adc11f5
 ---> 29bff7f4592e
Step 6/8 : COPY entrypoint.sh /
COPY failed: stat /var/lib/docker/tmp/docker-builder489070931/entrypoint.sh: no such file or directory
Sending build context to Docker daemon  4.608kB
Step 1/8 : FROM centos:7
 ---> 8652b9f0cb4c
Step 2/8 : RUN cd /etc/yum.repos.d && mkdir backup && mv *.repo backup
 ---> Using cache
 ---> 17013733ef55
Step 3/8 : COPY *.repo /etc/yum.repos.d/
 ---> Using cache
 ---> 42cc6d17d13c
Step 4/8 : RUN yum clean all     && yum install -y mariadb mariadb-server     && yum clean all
 ---> Using cache
 ---> 89063de0182c
Step 5/8 : EXPOSE 3306
 ---> Using cache
 ---> 29bff7f4592e
Step 6/8 : COPY entrypoint.sh /
COPY failed: stat /var/lib/docker/tmp/docker-builder813352409/entrypoint.sh: no such file or directory
Sending build context to Docker daemon  4.608kB
Step 1/8 : FROM centos:7
 ---> 8652b9f0cb4c
Step 2/8 : RUN cd /etc/yum.repos.d && mkdir backup && mv *.repo backup
 ---> Using cache
 ---> 17013733ef55
Step 3/8 : COPY *.repo /etc/yum.repos.d/
 ---> Using cache
 ---> 42cc6d17d13c
Step 4/8 : RUN yum clean all     && yum install -y mariadb mariadb-server     && yum clean all
 ---> Using cache
 ---> 89063de0182c
Step 5/8 : EXPOSE 3306
 ---> Using cache
 ---> 29bff7f4592e
Step 6/8 : COPY entrypoint.sh /
COPY failed: stat /var/lib/docker/tmp/docker-builder934886244/entrypoint.sh: no such file or directory
Sending build context to Docker daemon  4.608kB
Step 1/6 : FROM centos:7
 ---> 8652b9f0cb4c
Step 2/6 : RUN cd /etc/yum.repos.d && mkdir backup && mv *.repo backup
 ---> Using cache
 ---> 17013733ef55
Step 3/6 : COPY *.repo /etc/yum.repos.d/
 ---> Using cache
 ---> 42cc6d17d13c
Step 4/6 : RUN yum clean all     && yum install -y mariadb mariadb-server     && yum clean all
 ---> Using cache
 ---> 89063de0182c
Step 5/6 : EXPOSE 3306
 ---> Using cache
 ---> 29bff7f4592e
Step 6/6 : ENTRYPOINT [ "/bin/bash" ]
 ---> Running in df686bccec41
Removing intermediate container df686bccec41
 ---> ff96a801eaf0
Successfully built ff96a801eaf0
Successfully tagged zbw/centos7/mariadb:latest
Sending build context to Docker daemon  4.608kB
Step 1/6 : FROM centos:7
 ---> 8652b9f0cb4c
Step 2/6 : RUN cd /etc/yum.repos.d && mkdir backup && mv *.repo backup
 ---> Using cache
 ---> 17013733ef55
Step 3/6 : COPY *.repo /etc/yum.repos.d/
 ---> Using cache
 ---> 42cc6d17d13c
Step 4/6 : RUN yum clean all     && yum install -y mariadb mariadb-server     && yum clean all
 ---> Using cache
 ---> 89063de0182c
Step 5/6 : EXPOSE 3306
 ---> Using cache
 ---> 29bff7f4592e
Step 6/6 : ENTRYPOINT [ "/bin/bash" ]
 ---> Using cache
 ---> ff96a801eaf0
Successfully built ff96a801eaf0
Successfully tagged zbw/centos7/mariadb:latest
Sending build context to Docker daemon  4.608kB
Step 1/6 : FROM centos:7
 ---> 8652b9f0cb4c
Step 2/6 : RUN cd /etc/yum.repos.d && mkdir backup && mv *.repo backup
 ---> Using cache
 ---> 17013733ef55
Step 3/6 : COPY *.repo /etc/yum.repos.d/
 ---> Using cache
 ---> 42cc6d17d13c
Step 4/6 : RUN yum clean all     && yum install -y mariadb mariadb-server     && yum clean all
 ---> Using cache
 ---> 89063de0182c
Step 5/6 : EXPOSE 3306
 ---> Using cache
 ---> 29bff7f4592e
Step 6/6 : ENTRYPOINT [ "/bin/bash" ]
 ---> Using cache
 ---> ff96a801eaf0
Successfully built ff96a801eaf0
Successfully tagged zbw/centos7/mariadb:latest
Sending build context to Docker daemon  4.608kB
Step 1/6 : FROM centos:7
 ---> 8652b9f0cb4c
Step 2/6 : RUN cd /etc/yum.repos.d && mkdir backup && mv *.repo backup
 ---> Using cache
 ---> 17013733ef55
Step 3/6 : COPY *.repo /etc/yum.repos.d/
 ---> Using cache
 ---> 42cc6d17d13c
Step 4/6 : RUN yum clean all     && yum install -y mariadb mariadb-server     && yum clean all
 ---> Using cache
 ---> 89063de0182c
Step 5/6 : EXPOSE 3306
 ---> Using cache
 ---> 29bff7f4592e
Step 6/6 : ENTRYPOINT [ "/bin/bash" ]
 ---> Using cache
 ---> ff96a801eaf0
Successfully built ff96a801eaf0
Successfully tagged zbw/centos7/mariadb:latest
Sending build context to Docker daemon  4.608kB
Step 1/6 : FROM centos:7
 ---> 8652b9f0cb4c
Step 2/6 : RUN cd /etc/yum.repos.d && mkdir backup && mv *.repo backup
 ---> Using cache
 ---> 17013733ef55
Step 3/6 : COPY *.repo /etc/yum.repos.d/
 ---> Using cache
 ---> 42cc6d17d13c
Step 4/6 : RUN yum clean all     && yum install -y mariadb mariadb-server     && yum clean all
 ---> Using cache
 ---> 89063de0182c
Step 5/6 : EXPOSE 3306
 ---> Using cache
 ---> 29bff7f4592e
Step 6/6 : ENTRYPOINT [ "/bin/bash" ]
 ---> Using cache
 ---> ff96a801eaf0
Successfully built ff96a801eaf0
Successfully tagged zbw/centos7/mariadb:latest
Sending build context to Docker daemon  4.608kB
Step 1/6 : FROM centos:7
 ---> 8652b9f0cb4c
Step 2/6 : RUN cd /etc/yum.repos.d && mkdir backup && mv *.repo backup
 ---> Using cache
 ---> 17013733ef55
Step 3/6 : COPY *.repo /etc/yum.repos.d/
 ---> Using cache
 ---> 42cc6d17d13c
Step 4/6 : RUN yum clean all     && yum install -y mariadb mariadb-server     && yum clean all
 ---> Using cache
 ---> 89063de0182c
Step 5/6 : EXPOSE 3306
 ---> Using cache
 ---> 29bff7f4592e
Step 6/6 : ENTRYPOINT [ "/bin/bash" ]
 ---> Using cache
 ---> ff96a801eaf0
Successfully built ff96a801eaf0
Successfully tagged zbw/centos7/mariadb:latest
Sending build context to Docker daemon  4.608kB
Step 1/6 : FROM centos:7
 ---> 8652b9f0cb4c
Step 2/6 : RUN cd /etc/yum.repos.d && mkdir backup && mv *.repo backup
 ---> Using cache
 ---> 17013733ef55
Step 3/6 : COPY *.repo /etc/yum.repos.d/
 ---> Using cache
 ---> 42cc6d17d13c
Step 4/6 : RUN yum clean all     && yum install -y mariadb mariadb-server     && yum clean all
 ---> Using cache
 ---> 89063de0182c
Step 5/6 : EXPOSE 3306
 ---> Using cache
 ---> 29bff7f4592e
Step 6/6 : ENTRYPOINT [ "/bin/bash" ]
 ---> Using cache
 ---> ff96a801eaf0
Successfully built ff96a801eaf0
Successfully tagged zbw/centos7/mariadb:latest
Sending build context to Docker daemon  4.608kB
Step 1/6 : FROM centos:7
 ---> 8652b9f0cb4c
Step 2/6 : RUN cd /etc/yum.repos.d && mkdir backup && mv *.repo backup
 ---> Using cache
 ---> 17013733ef55
Step 3/6 : COPY *.repo /etc/yum.repos.d/
 ---> Using cache
 ---> 42cc6d17d13c
Step 4/6 : RUN yum clean all     && yum install -y mariadb mariadb-server     && yum clean all
 ---> Using cache
 ---> 89063de0182c
Step 5/6 : EXPOSE 3306
 ---> Using cache
 ---> 29bff7f4592e
Step 6/6 : ENTRYPOINT [ "/bin/bash" ]
 ---> Using cache
 ---> ff96a801eaf0
Successfully built ff96a801eaf0
Successfully tagged zbw/centos7/mariadb:latest
Sending build context to Docker daemon  4.608kB
Step 1/6 : FROM centos:7
 ---> 8652b9f0cb4c
Step 2/6 : RUN cd /etc/yum.repos.d && mkdir backup && mv *.repo backup
 ---> Running in d5364f15be85
Removing intermediate container d5364f15be85
 ---> 92a8951bf219
Step 3/6 : COPY *.repo /etc/yum.repos.d/
 ---> 635df6f3c457
Step 4/6 : RUN yum clean all     && yum install -y mariadb mariadb-server     && yum clean all
 ---> Running in 14a3c1e7b25e
Loaded plugins: fastestmirror, ovl
Cleaning repos: extras libvirt openstack os updates
Loaded plugins: fastestmirror, ovl
Determining fastest mirrors
Resolving Dependencies
--> Running transaction check
---> Package mariadb.x86_64 3:10.1.20-2.el7 will be installed
--> Processing Dependency: mariadb-common(x86-64) = 3:10.1.20-2.el7 for package: 3:mariadb-10.1.20-2.el7.x86_64
--> Processing Dependency: mariadb-libs(x86-64) = 3:10.1.20-2.el7 for package: 3:mariadb-10.1.20-2.el7.x86_64
--> Processing Dependency: /usr/bin/perl for package: 3:mariadb-10.1.20-2.el7.x86_64
--> Processing Dependency: perl(Exporter) for package: 3:mariadb-10.1.20-2.el7.x86_64
--> Processing Dependency: perl(Fcntl) for package: 3:mariadb-10.1.20-2.el7.x86_64
--> Processing Dependency: perl(File::Temp) for package: 3:mariadb-10.1.20-2.el7.x86_64
--> Processing Dependency: perl(Getopt::Long) for package: 3:mariadb-10.1.20-2.el7.x86_64
--> Processing Dependency: perl(IPC::Open3) for package: 3:mariadb-10.1.20-2.el7.x86_64
--> Processing Dependency: perl(Sys::Hostname) for package: 3:mariadb-10.1.20-2.el7.x86_64
--> Processing Dependency: libedit.so.0()(64bit) for package: 3:mariadb-10.1.20-2.el7.x86_64
---> Package mariadb-server.x86_64 3:10.1.20-2.el7 will be installed
--> Processing Dependency: mariadb-errmsg(x86-64) = 3:10.1.20-2.el7 for package: 3:mariadb-server-10.1.20-2.el7.x86_64
--> Processing Dependency: /etc/my.cnf for package: 3:mariadb-server-10.1.20-2.el7.x86_64
--> Processing Dependency: /etc/my.cnf.d for package: 3:mariadb-server-10.1.20-2.el7.x86_64
--> Processing Dependency: libaio.so.1(LIBAIO_0.1)(64bit) for package: 3:mariadb-server-10.1.20-2.el7.x86_64
--> Processing Dependency: libaio.so.1(LIBAIO_0.4)(64bit) for package: 3:mariadb-server-10.1.20-2.el7.x86_64
--> Processing Dependency: lsof for package: 3:mariadb-server-10.1.20-2.el7.x86_64
--> Processing Dependency: net-tools for package: 3:mariadb-server-10.1.20-2.el7.x86_64
--> Processing Dependency: perl(DBD::mysql) for package: 3:mariadb-server-10.1.20-2.el7.x86_64
--> Processing Dependency: perl(DBI) for package: 3:mariadb-server-10.1.20-2.el7.x86_64
--> Processing Dependency: perl(Data::Dumper) for package: 3:mariadb-server-10.1.20-2.el7.x86_64
--> Processing Dependency: perl(File::Path) for package: 3:mariadb-server-10.1.20-2.el7.x86_64
--> Processing Dependency: rsync for package: 3:mariadb-server-10.1.20-2.el7.x86_64
--> Processing Dependency: socat for package: 3:mariadb-server-10.1.20-2.el7.x86_64
--> Processing Dependency: libaio.so.1()(64bit) for package: 3:mariadb-server-10.1.20-2.el7.x86_64
--> Running transaction check
---> Package libaio.x86_64 0:0.3.109-13.el7 will be installed
---> Package libedit.x86_64 0:3.0-12.20121213cvs.el7 will be installed
---> Package lsof.x86_64 0:4.87-6.el7 will be installed
---> Package mariadb-common.x86_64 3:10.1.20-2.el7 will be installed
---> Package mariadb-config.x86_64 3:10.1.20-2.el7 will be installed
---> Package mariadb-errmsg.x86_64 3:10.1.20-2.el7 will be installed
---> Package mariadb-libs.x86_64 3:10.1.20-2.el7 will be installed
---> Package net-tools.x86_64 0:2.0-0.25.20131004git.el7 will be installed
---> Package perl.x86_64 4:5.16.3-299.el7_9 will be installed
--> Processing Dependency: perl-libs = 4:5.16.3-299.el7_9 for package: 4:perl-5.16.3-299.el7_9.x86_64
--> Processing Dependency: perl(Socket) >= 1.3 for package: 4:perl-5.16.3-299.el7_9.x86_64
--> Processing Dependency: perl(Scalar::Util) >= 1.10 for package: 4:perl-5.16.3-299.el7_9.x86_64
--> Processing Dependency: perl-macros for package: 4:perl-5.16.3-299.el7_9.x86_64
--> Processing Dependency: perl-libs for package: 4:perl-5.16.3-299.el7_9.x86_64
--> Processing Dependency: perl(threads::shared) for package: 4:perl-5.16.3-299.el7_9.x86_64
--> Processing Dependency: perl(threads) for package: 4:perl-5.16.3-299.el7_9.x86_64
--> Processing Dependency: perl(constant) for package: 4:perl-5.16.3-299.el7_9.x86_64
--> Processing Dependency: perl(Time::Local) for package: 4:perl-5.16.3-299.el7_9.x86_64
--> Processing Dependency: perl(Time::HiRes) for package: 4:perl-5.16.3-299.el7_9.x86_64
--> Processing Dependency: perl(Storable) for package: 4:perl-5.16.3-299.el7_9.x86_64
--> Processing Dependency: perl(Socket) for package: 4:perl-5.16.3-299.el7_9.x86_64
--> Processing Dependency: perl(Scalar::Util) for package: 4:perl-5.16.3-299.el7_9.x86_64
--> Processing Dependency: perl(Pod::Simple::XHTML) for package: 4:perl-5.16.3-299.el7_9.x86_64
--> Processing Dependency: perl(Pod::Simple::Search) for package: 4:perl-5.16.3-299.el7_9.x86_64
--> Processing Dependency: perl(Filter::Util::Call) for package: 4:perl-5.16.3-299.el7_9.x86_64
--> Processing Dependency: perl(File::Spec::Unix) for package: 4:perl-5.16.3-299.el7_9.x86_64
--> Processing Dependency: perl(File::Spec::Functions) for package: 4:perl-5.16.3-299.el7_9.x86_64
--> Processing Dependency: perl(File::Spec) for package: 4:perl-5.16.3-299.el7_9.x86_64
--> Processing Dependency: perl(Cwd) for package: 4:perl-5.16.3-299.el7_9.x86_64
--> Processing Dependency: perl(Carp) for package: 4:perl-5.16.3-299.el7_9.x86_64
--> Processing Dependency: libperl.so()(64bit) for package: 4:perl-5.16.3-299.el7_9.x86_64
---> Package perl-DBD-MySQL.x86_64 0:4.023-6.el7 will be installed
---> Package perl-DBI.x86_64 0:1.627-4.el7 will be installed
--> Processing Dependency: perl(RPC::PlServer) >= 0.2001 for package: perl-DBI-1.627-4.el7.x86_64
--> Processing Dependency: perl(RPC::PlClient) >= 0.2000 for package: perl-DBI-1.627-4.el7.x86_64
---> Package perl-Data-Dumper.x86_64 0:2.145-3.el7 will be installed
---> Package perl-Exporter.noarch 0:5.68-3.el7 will be installed
---> Package perl-File-Path.noarch 0:2.09-2.el7 will be installed
---> Package perl-File-Temp.noarch 0:0.23.01-3.el7 will be installed
---> Package perl-Getopt-Long.noarch 0:2.40-3.el7 will be installed
--> Processing Dependency: perl(Pod::Usage) >= 1.14 for package: perl-Getopt-Long-2.40-3.el7.noarch
--> Processing Dependency: perl(Text::ParseWords) for package: perl-Getopt-Long-2.40-3.el7.noarch
---> Package rsync.x86_64 0:3.1.2-10.el7 will be installed
---> Package socat.x86_64 0:1.7.3.2-2.el7 will be installed
--> Processing Dependency: libwrap.so.0()(64bit) for package: socat-1.7.3.2-2.el7.x86_64
--> Running transaction check
---> Package perl-Carp.noarch 0:1.26-244.el7 will be installed
---> Package perl-Filter.x86_64 0:1.49-3.el7 will be installed
---> Package perl-PathTools.x86_64 0:3.40-5.el7 will be installed
---> Package perl-PlRPC.noarch 0:0.2020-14.el7 will be installed
--> Processing Dependency: perl(Net::Daemon) >= 0.13 for package: perl-PlRPC-0.2020-14.el7.noarch
--> Processing Dependency: perl(Net::Daemon::Test) for package: perl-PlRPC-0.2020-14.el7.noarch
--> Processing Dependency: perl(Net::Daemon::Log) for package: perl-PlRPC-0.2020-14.el7.noarch
--> Processing Dependency: perl(Compress::Zlib) for package: perl-PlRPC-0.2020-14.el7.noarch
---> Package perl-Pod-Simple.noarch 1:3.28-4.el7 will be installed
--> Processing Dependency: perl(Pod::Escapes) >= 1.04 for package: 1:perl-Pod-Simple-3.28-4.el7.noarch
--> Processing Dependency: perl(Encode) for package: 1:perl-Pod-Simple-3.28-4.el7.noarch
---> Package perl-Pod-Usage.noarch 0:1.63-3.el7 will be installed
--> Processing Dependency: perl(Pod::Text) >= 3.15 for package: perl-Pod-Usage-1.63-3.el7.noarch
--> Processing Dependency: perl-Pod-Perldoc for package: perl-Pod-Usage-1.63-3.el7.noarch
---> Package perl-Scalar-List-Utils.x86_64 0:1.27-248.el7 will be installed
---> Package perl-Socket.x86_64 0:2.010-5.el7 will be installed
---> Package perl-Storable.x86_64 0:2.45-3.el7 will be installed
---> Package perl-Text-ParseWords.noarch 0:3.29-4.el7 will be installed
---> Package perl-Time-HiRes.x86_64 4:1.9725-3.el7 will be installed
---> Package perl-Time-Local.noarch 0:1.2300-2.el7 will be installed
---> Package perl-constant.noarch 0:1.27-2.el7 will be installed
---> Package perl-libs.x86_64 4:5.16.3-299.el7_9 will be installed
---> Package perl-macros.x86_64 4:5.16.3-299.el7_9 will be installed
---> Package perl-threads.x86_64 0:1.87-4.el7 will be installed
---> Package perl-threads-shared.x86_64 0:1.43-6.el7 will be installed
---> Package tcp_wrappers-libs.x86_64 0:7.6-77.el7 will be installed
--> Running transaction check
---> Package perl-Encode.x86_64 0:2.51-7.el7 will be installed
---> Package perl-IO-Compress.noarch 0:2.061-2.el7 will be installed
--> Processing Dependency: perl(Compress::Raw::Zlib) >= 2.061 for package: perl-IO-Compress-2.061-2.el7.noarch
--> Processing Dependency: perl(Compress::Raw::Bzip2) >= 2.061 for package: perl-IO-Compress-2.061-2.el7.noarch
---> Package perl-Net-Daemon.noarch 0:0.48-5.el7 will be installed
---> Package perl-Pod-Escapes.noarch 1:1.04-299.el7_9 will be installed
---> Package perl-Pod-Perldoc.noarch 0:3.20-4.el7 will be installed
--> Processing Dependency: perl(parent) for package: perl-Pod-Perldoc-3.20-4.el7.noarch
--> Processing Dependency: perl(HTTP::Tiny) for package: perl-Pod-Perldoc-3.20-4.el7.noarch
--> Processing Dependency: groff-base for package: perl-Pod-Perldoc-3.20-4.el7.noarch
---> Package perl-podlators.noarch 0:2.5.1-3.el7 will be installed
--> Running transaction check
---> Package groff-base.x86_64 0:1.22.2-8.el7 will be installed
---> Package perl-Compress-Raw-Bzip2.x86_64 0:2.061-3.el7 will be installed
---> Package perl-Compress-Raw-Zlib.x86_64 1:2.061-4.el7 will be installed
---> Package perl-HTTP-Tiny.noarch 0:0.033-3.el7 will be installed
---> Package perl-parent.noarch 1:0.225-244.el7 will be installed
--> Finished Dependency Resolution

Dependencies Resolved

================================================================================
 Package                  Arch    Version                      Repository  Size
================================================================================
Installing:
 mariadb                  x86_64  3:10.1.20-2.el7              openstack  6.3 M
 mariadb-server           x86_64  3:10.1.20-2.el7              openstack   19 M
Installing for dependencies:
 groff-base               x86_64  1.22.2-8.el7                 os         942 k
 libaio                   x86_64  0.3.109-13.el7               os          24 k
 libedit                  x86_64  3.0-12.20121213cvs.el7       os          92 k
 lsof                     x86_64  4.87-6.el7                   os         331 k
 mariadb-common           x86_64  3:10.1.20-2.el7              openstack   63 k
 mariadb-config           x86_64  3:10.1.20-2.el7              openstack   26 k
 mariadb-errmsg           x86_64  3:10.1.20-2.el7              openstack  200 k
 mariadb-libs             x86_64  3:10.1.20-2.el7              openstack  643 k
 net-tools                x86_64  2.0-0.25.20131004git.el7     os         306 k
 perl                     x86_64  4:5.16.3-299.el7_9           updates    8.0 M
 perl-Carp                noarch  1.26-244.el7                 os          19 k
 perl-Compress-Raw-Bzip2  x86_64  2.061-3.el7                  os          32 k
 perl-Compress-Raw-Zlib   x86_64  1:2.061-4.el7                os          57 k
 perl-DBD-MySQL           x86_64  4.023-6.el7                  os         140 k
 perl-DBI                 x86_64  1.627-4.el7                  os         802 k
 perl-Data-Dumper         x86_64  2.145-3.el7                  os          47 k
 perl-Encode              x86_64  2.51-7.el7                   os         1.5 M
 perl-Exporter            noarch  5.68-3.el7                   os          28 k
 perl-File-Path           noarch  2.09-2.el7                   os          26 k
 perl-File-Temp           noarch  0.23.01-3.el7                os          56 k
 perl-Filter              x86_64  1.49-3.el7                   os          76 k
 perl-Getopt-Long         noarch  2.40-3.el7                   os          56 k
 perl-HTTP-Tiny           noarch  0.033-3.el7                  os          38 k
 perl-IO-Compress         noarch  2.061-2.el7                  os         260 k
 perl-Net-Daemon          noarch  0.48-5.el7                   os          51 k
 perl-PathTools           x86_64  3.40-5.el7                   os          82 k
 perl-PlRPC               noarch  0.2020-14.el7                os          36 k
 perl-Pod-Escapes         noarch  1:1.04-299.el7_9             updates     52 k
 perl-Pod-Perldoc         noarch  3.20-4.el7                   os          87 k
 perl-Pod-Simple          noarch  1:3.28-4.el7                 os         216 k
 perl-Pod-Usage           noarch  1.63-3.el7                   os          27 k
 perl-Scalar-List-Utils   x86_64  1.27-248.el7                 os          36 k
 perl-Socket              x86_64  2.010-5.el7                  os          49 k
 perl-Storable            x86_64  2.45-3.el7                   os          77 k
 perl-Text-ParseWords     noarch  3.29-4.el7                   os          14 k
 perl-Time-HiRes          x86_64  4:1.9725-3.el7               os          45 k
 perl-Time-Local          noarch  1.2300-2.el7                 os          24 k
 perl-constant            noarch  1.27-2.el7                   os          19 k
 perl-libs                x86_64  4:5.16.3-299.el7_9           updates    690 k
 perl-macros              x86_64  4:5.16.3-299.el7_9           updates     44 k
 perl-parent              noarch  1:0.225-244.el7              os          12 k
 perl-podlators           noarch  2.5.1-3.el7                  os         112 k
 perl-threads             x86_64  1.87-4.el7                   os          49 k
 perl-threads-shared      x86_64  1.43-6.el7                   os          39 k
 rsync                    x86_64  3.1.2-10.el7                 os         404 k
 socat                    x86_64  1.7.3.2-2.el7                os         290 k
 tcp_wrappers-libs        x86_64  7.6-77.el7                   os          66 k

Transaction Summary
================================================================================
Install  2 Packages (+47 Dependent packages)

Total download size: 42 M
Installed size: 185 M
Downloading packages:
--------------------------------------------------------------------------------
Total                                              3.0 MB/s |  42 MB  00:13     
Running transaction check
Running transaction test
Transaction test succeeded
Running transaction
  Installing : 3:mariadb-config-10.1.20-2.el7.x86_64                       1/49 
  Installing : 3:mariadb-common-10.1.20-2.el7.x86_64                       2/49 
  Installing : 3:mariadb-libs-10.1.20-2.el7.x86_64                         3/49 
  Installing : 3:mariadb-errmsg-10.1.20-2.el7.x86_64                       4/49 
  Installing : rsync-3.1.2-10.el7.x86_64                                   5/49 
  Installing : libedit-3.0-12.20121213cvs.el7.x86_64                       6/49 
  Installing : tcp_wrappers-libs-7.6-77.el7.x86_64                         7/49 
  Installing : socat-1.7.3.2-2.el7.x86_64                                  8/49 
  Installing : libaio-0.3.109-13.el7.x86_64                                9/49 
  Installing : net-tools-2.0-0.25.20131004git.el7.x86_64                  10/49 
  Installing : groff-base-1.22.2-8.el7.x86_64                             11/49 
  Installing : 1:perl-parent-0.225-244.el7.noarch                         12/49 
  Installing : perl-HTTP-Tiny-0.033-3.el7.noarch                          13/49 
  Installing : perl-podlators-2.5.1-3.el7.noarch                          14/49 
  Installing : perl-Pod-Perldoc-3.20-4.el7.noarch                         15/49 
  Installing : 1:perl-Pod-Escapes-1.04-299.el7_9.noarch                   16/49 
  Installing : perl-Encode-2.51-7.el7.x86_64                              17/49 
  Installing : perl-Text-ParseWords-3.29-4.el7.noarch                     18/49 
  Installing : perl-Pod-Usage-1.63-3.el7.noarch                           19/49 
  Installing : 4:perl-macros-5.16.3-299.el7_9.x86_64                      20/49 
  Installing : 4:perl-Time-HiRes-1.9725-3.el7.x86_64                      21/49 
  Installing : perl-Exporter-5.68-3.el7.noarch                            22/49 
  Installing : perl-constant-1.27-2.el7.noarch                            23/49 
  Installing : perl-threads-1.87-4.el7.x86_64                             24/49 
  Installing : perl-Socket-2.010-5.el7.x86_64                             25/49 
  Installing : perl-Time-Local-1.2300-2.el7.noarch                        26/49 
  Installing : perl-Carp-1.26-244.el7.noarch                              27/49 
  Installing : perl-Storable-2.45-3.el7.x86_64                            28/49 
  Installing : perl-threads-shared-1.43-6.el7.x86_64                      29/49 
  Installing : perl-PathTools-3.40-5.el7.x86_64                           30/49 
  Installing : perl-Scalar-List-Utils-1.27-248.el7.x86_64                 31/49 
  Installing : perl-File-Temp-0.23.01-3.el7.noarch                        32/49 
  Installing : perl-File-Path-2.09-2.el7.noarch                           33/49 
  Installing : perl-Filter-1.49-3.el7.x86_64                              34/49 
  Installing : 4:perl-libs-5.16.3-299.el7_9.x86_64                        35/49 
  Installing : 1:perl-Pod-Simple-3.28-4.el7.noarch                        36/49 
  Installing : perl-Getopt-Long-2.40-3.el7.noarch                         37/49 
  Installing : 4:perl-5.16.3-299.el7_9.x86_64                             38/49 
  Installing : perl-Data-Dumper-2.145-3.el7.x86_64                        39/49 
  Installing : 3:mariadb-10.1.20-2.el7.x86_64                             40/49 
  Installing : perl-Net-Daemon-0.48-5.el7.noarch                          41/49 
  Installing : perl-Compress-Raw-Bzip2-2.061-3.el7.x86_64                 42/49 
  Installing : 1:perl-Compress-Raw-Zlib-2.061-4.el7.x86_64                43/49 
  Installing : perl-IO-Compress-2.061-2.el7.noarch                        44/49 
  Installing : perl-PlRPC-0.2020-14.el7.noarch                            45/49 
  Installing : perl-DBI-1.627-4.el7.x86_64                                46/49 
  Installing : perl-DBD-MySQL-4.023-6.el7.x86_64                          47/49 
  Installing : lsof-4.87-6.el7.x86_64                                     48/49 
  Installing : 3:mariadb-server-10.1.20-2.el7.x86_64                      49/49 
  Verifying  : perl-HTTP-Tiny-0.033-3.el7.noarch                           1/49 
  Verifying  : 3:mariadb-libs-10.1.20-2.el7.x86_64                         2/49 
  Verifying  : perl-threads-shared-1.43-6.el7.x86_64                       3/49 
  Verifying  : 4:perl-Time-HiRes-1.9725-3.el7.x86_64                       4/49 
  Verifying  : lsof-4.87-6.el7.x86_64                                      5/49 
  Verifying  : perl-Exporter-5.68-3.el7.noarch                             6/49 
  Verifying  : perl-constant-1.27-2.el7.noarch                             7/49 
  Verifying  : perl-PathTools-3.40-5.el7.x86_64                            8/49 
  Verifying  : perl-threads-1.87-4.el7.x86_64                              9/49 
  Verifying  : perl-Socket-2.010-5.el7.x86_64                             10/49 
  Verifying  : 3:mariadb-10.1.20-2.el7.x86_64                             11/49 
  Verifying  : 1:perl-parent-0.225-244.el7.noarch                         12/49 
  Verifying  : 4:perl-macros-5.16.3-299.el7_9.x86_64                      13/49 
  Verifying  : perl-Net-Daemon-0.48-5.el7.noarch                          14/49 
  Verifying  : 3:mariadb-config-10.1.20-2.el7.x86_64                      15/49 
  Verifying  : groff-base-1.22.2-8.el7.x86_64                             16/49 
  Verifying  : perl-File-Temp-0.23.01-3.el7.noarch                        17/49 
  Verifying  : net-tools-2.0-0.25.20131004git.el7.x86_64                  18/49 
  Verifying  : perl-Data-Dumper-2.145-3.el7.x86_64                        19/49 
  Verifying  : perl-Time-Local-1.2300-2.el7.noarch                        20/49 
  Verifying  : 1:perl-Pod-Escapes-1.04-299.el7_9.noarch                   21/49 
  Verifying  : perl-DBI-1.627-4.el7.x86_64                                22/49 
  Verifying  : libaio-0.3.109-13.el7.x86_64                               23/49 
  Verifying  : perl-Carp-1.26-244.el7.noarch                              24/49 
  Verifying  : 3:mariadb-server-10.1.20-2.el7.x86_64                      25/49 
  Verifying  : perl-Compress-Raw-Bzip2-2.061-3.el7.x86_64                 26/49 
  Verifying  : perl-Storable-2.45-3.el7.x86_64                            27/49 
  Verifying  : perl-Scalar-List-Utils-1.27-248.el7.x86_64                 28/49 
  Verifying  : 1:perl-Compress-Raw-Zlib-2.061-4.el7.x86_64                29/49 
  Verifying  : perl-PlRPC-0.2020-14.el7.noarch                            30/49 
  Verifying  : perl-IO-Compress-2.061-2.el7.noarch                        31/49 
  Verifying  : perl-Pod-Usage-1.63-3.el7.noarch                           32/49 
  Verifying  : 3:mariadb-common-10.1.20-2.el7.x86_64                      33/49 
  Verifying  : perl-Encode-2.51-7.el7.x86_64                              34/49 
  Verifying  : 3:mariadb-errmsg-10.1.20-2.el7.x86_64                      35/49 
  Verifying  : perl-Pod-Perldoc-3.20-4.el7.noarch                         36/49 
  Verifying  : perl-podlators-2.5.1-3.el7.noarch                          37/49 
  Verifying  : tcp_wrappers-libs-7.6-77.el7.x86_64                        38/49 
  Verifying  : 4:perl-5.16.3-299.el7_9.x86_64                             39/49 
  Verifying  : perl-File-Path-2.09-2.el7.noarch                           40/49 
  Verifying  : libedit-3.0-12.20121213cvs.el7.x86_64                      41/49 
  Verifying  : perl-DBD-MySQL-4.023-6.el7.x86_64                          42/49 
  Verifying  : rsync-3.1.2-10.el7.x86_64                                  43/49 
  Verifying  : 1:perl-Pod-Simple-3.28-4.el7.noarch                        44/49 
  Verifying  : perl-Filter-1.49-3.el7.x86_64                              45/49 
  Verifying  : perl-Getopt-Long-2.40-3.el7.noarch                         46/49 
  Verifying  : perl-Text-ParseWords-3.29-4.el7.noarch                     47/49 
  Verifying  : 4:perl-libs-5.16.3-299.el7_9.x86_64                        48/49 
  Verifying  : socat-1.7.3.2-2.el7.x86_64                                 49/49 

Installed:
  mariadb.x86_64 3:10.1.20-2.el7      mariadb-server.x86_64 3:10.1.20-2.el7     

Dependency Installed:
  groff-base.x86_64 0:1.22.2-8.el7                                              
  libaio.x86_64 0:0.3.109-13.el7                                                
  libedit.x86_64 0:3.0-12.20121213cvs.el7                                       
  lsof.x86_64 0:4.87-6.el7                                                      
  mariadb-common.x86_64 3:10.1.20-2.el7                                         
  mariadb-config.x86_64 3:10.1.20-2.el7                                         
  mariadb-errmsg.x86_64 3:10.1.20-2.el7                                         
  mariadb-libs.x86_64 3:10.1.20-2.el7                                           
  net-tools.x86_64 0:2.0-0.25.20131004git.el7                                   
  perl.x86_64 4:5.16.3-299.el7_9                                                
  perl-Carp.noarch 0:1.26-244.el7                                               
  perl-Compress-Raw-Bzip2.x86_64 0:2.061-3.el7                                  
  perl-Compress-Raw-Zlib.x86_64 1:2.061-4.el7                                   
  perl-DBD-MySQL.x86_64 0:4.023-6.el7                                           
  perl-DBI.x86_64 0:1.627-4.el7                                                 
  perl-Data-Dumper.x86_64 0:2.145-3.el7                                         
  perl-Encode.x86_64 0:2.51-7.el7                                               
  perl-Exporter.noarch 0:5.68-3.el7                                             
  perl-File-Path.noarch 0:2.09-2.el7                                            
  perl-File-Temp.noarch 0:0.23.01-3.el7                                         
  perl-Filter.x86_64 0:1.49-3.el7                                               
  perl-Getopt-Long.noarch 0:2.40-3.el7                                          
  perl-HTTP-Tiny.noarch 0:0.033-3.el7                                           
  perl-IO-Compress.noarch 0:2.061-2.el7                                         
  perl-Net-Daemon.noarch 0:0.48-5.el7                                           
  perl-PathTools.x86_64 0:3.40-5.el7                                            
  perl-PlRPC.noarch 0:0.2020-14.el7                                             
  perl-Pod-Escapes.noarch 1:1.04-299.el7_9                                      
  perl-Pod-Perldoc.noarch 0:3.20-4.el7                                          
  perl-Pod-Simple.noarch 1:3.28-4.el7                                           
  perl-Pod-Usage.noarch 0:1.63-3.el7                                            
  perl-Scalar-List-Utils.x86_64 0:1.27-248.el7                                  
  perl-Socket.x86_64 0:2.010-5.el7                                              
  perl-Storable.x86_64 0:2.45-3.el7                                             
  perl-Text-ParseWords.noarch 0:3.29-4.el7                                      
  perl-Time-HiRes.x86_64 4:1.9725-3.el7                                         
  perl-Time-Local.noarch 0:1.2300-2.el7                                         
  perl-constant.noarch 0:1.27-2.el7                                             
  perl-libs.x86_64 4:5.16.3-299.el7_9                                           
  perl-macros.x86_64 4:5.16.3-299.el7_9                                         
  perl-parent.noarch 1:0.225-244.el7                                            
  perl-podlators.noarch 0:2.5.1-3.el7                                           
  perl-threads.x86_64 0:1.87-4.el7                                              
  perl-threads-shared.x86_64 0:1.43-6.el7                                       
  rsync.x86_64 0:3.1.2-10.el7                                                   
  socat.x86_64 0:1.7.3.2-2.el7                                                  
  tcp_wrappers-libs.x86_64 0:7.6-77.el7                                         

Complete!
Loaded plugins: fastestmirror, ovl
Cleaning repos: extras libvirt openstack os updates
Cleaning up list of fastest mirrors
Removing intermediate container 14a3c1e7b25e
 ---> c63c8acbdb4e
Step 5/6 : EXPOSE 3306
 ---> Running in b96f8b5ca0fe
Removing intermediate container b96f8b5ca0fe
 ---> 3ad238e77f7b
Step 6/6 : ENTRYPOINT [ "/bin/bash" ]
 ---> Running in 245f6ad96f1b
Removing intermediate container 245f6ad96f1b
 ---> efdd10f12716
Successfully built efdd10f12716
Successfully tagged zbw/centos7/mariadb:latest
Sending build context to Docker daemon  4.608kB
Step 1/6 : FROM centos:7
 ---> 8652b9f0cb4c
Step 2/6 : RUN cd /etc/yum.repos.d && mkdir backup && mv *.repo backup
 ---> Using cache
 ---> 92a8951bf219
Step 3/6 : COPY *.repo /etc/yum.repos.d/
 ---> Using cache
 ---> 635df6f3c457
Step 4/6 : RUN yum clean all     && yum install -y mariadb mariadb-server     && yum clean all
 ---> Using cache
 ---> c63c8acbdb4e
Step 5/6 : EXPOSE 3306
 ---> Using cache
 ---> 3ad238e77f7b
Step 6/6 : ENTRYPOINT [ "/bin/bash" ]
 ---> Using cache
 ---> efdd10f12716
Successfully built efdd10f12716
Successfully tagged zbw/centos7/mariadb:latest
Sending build context to Docker daemon  4.608kB
Step 1/6 : FROM centos:7
 ---> 8652b9f0cb4c
Step 2/6 : RUN cd /etc/yum.repos.d && mkdir backup && mv *.repo backup
 ---> Using cache
 ---> 92a8951bf219
Step 3/6 : COPY *.repo /etc/yum.repos.d/
 ---> Using cache
 ---> 635df6f3c457
Step 4/6 : RUN yum clean all     && yum install -y mariadb mariadb-server     && yum clean all
 ---> Using cache
 ---> c63c8acbdb4e
Step 5/6 : EXPOSE 3306
 ---> Using cache
 ---> 3ad238e77f7b
Step 6/6 : ENTRYPOINT [ "/bin/bash" ]
 ---> Using cache
 ---> efdd10f12716
Successfully built efdd10f12716
Successfully tagged zbw/centos7/mariadb:latest
Sending build context to Docker daemon  4.608kB
Step 1/6 : FROM centos:7
 ---> 8652b9f0cb4c
Step 2/6 : RUN cd /etc/yum.repos.d && mkdir backup && mv *.repo backup
 ---> Using cache
 ---> 92a8951bf219
Step 3/6 : COPY *.repo /etc/yum.repos.d/
 ---> Using cache
 ---> 635df6f3c457
Step 4/6 : RUN yum clean all     && yum install -y mariadb mariadb-server     && yum clean all
 ---> Using cache
 ---> c63c8acbdb4e
Step 5/6 : EXPOSE 3306
 ---> Using cache
 ---> 3ad238e77f7b
Step 6/6 : ENTRYPOINT [ "/bin/bash" ]
 ---> Using cache
 ---> efdd10f12716
Successfully built efdd10f12716
Successfully tagged zbw/centos7/mariadb:latest
Sending build context to Docker daemon  4.608kB
Step 1/6 : FROM centos:7
 ---> 8652b9f0cb4c
Step 2/6 : RUN cd /etc/yum.repos.d && mkdir backup && mv *.repo backup
 ---> Using cache
 ---> 92a8951bf219
Step 3/6 : COPY *.repo /etc/yum.repos.d/
 ---> Using cache
 ---> 635df6f3c457
Step 4/6 : RUN yum clean all     && yum install -y mariadb mariadb-server     && yum clean all
 ---> Using cache
 ---> c63c8acbdb4e
Step 5/6 : EXPOSE 3306
 ---> Using cache
 ---> 3ad238e77f7b
Step 6/6 : ENTRYPOINT [ "/bin/bash" ]
 ---> Using cache
 ---> efdd10f12716
Successfully built efdd10f12716
Successfully tagged zbw/centos7/mariadb:latest
Sending build context to Docker daemon  4.608kB
Step 1/6 : FROM centos:7
 ---> 8652b9f0cb4c
Step 2/6 : RUN cd /etc/yum.repos.d && mkdir backup && mv *.repo backup
 ---> Using cache
 ---> 92a8951bf219
Step 3/6 : COPY *.repo /etc/yum.repos.d/
 ---> Using cache
 ---> 635df6f3c457
Step 4/6 : RUN yum clean all     && yum install -y mariadb mariadb-server     && yum clean all
 ---> Using cache
 ---> c63c8acbdb4e
Step 5/6 : EXPOSE 3306
 ---> Using cache
 ---> 3ad238e77f7b
Step 6/6 : ENTRYPOINT [ "/bin/bash" ]
 ---> Using cache
 ---> efdd10f12716
Successfully built efdd10f12716
Successfully tagged zbw/centos7/mariadb:latest
Sending build context to Docker daemon  4.608kB
Step 1/6 : FROM centos:7
 ---> 8652b9f0cb4c
Step 2/6 : RUN cd /etc/yum.repos.d && mkdir backup && mv *.repo backup
 ---> Using cache
 ---> 92a8951bf219
Step 3/6 : COPY *.repo /etc/yum.repos.d/
 ---> Using cache
 ---> 635df6f3c457
Step 4/6 : RUN yum clean all     && yum install -y mariadb mariadb-server     && yum clean all
 ---> Using cache
 ---> c63c8acbdb4e
Step 5/6 : EXPOSE 3306
 ---> Using cache
 ---> 3ad238e77f7b
Step 6/6 : ENTRYPOINT [ "/bin/bash" ]
 ---> Using cache
 ---> efdd10f12716
Successfully built efdd10f12716
Successfully tagged zbw/centos7/mariadb:latest
Sending build context to Docker daemon  4.608kB
Step 1/6 : FROM centos:7
 ---> 8652b9f0cb4c
Step 2/6 : RUN cd /etc/yum.repos.d && mkdir backup && mv *.repo backup
 ---> Using cache
 ---> 92a8951bf219
Step 3/6 : COPY *.repo /etc/yum.repos.d/
 ---> Using cache
 ---> 635df6f3c457
Step 4/6 : RUN yum clean all     && yum install -y mariadb mariadb-server     && yum clean all
 ---> Using cache
 ---> c63c8acbdb4e
Step 5/6 : EXPOSE 3306
 ---> Using cache
 ---> 3ad238e77f7b
Step 6/6 : ENTRYPOINT [ "/bin/bash" ]
 ---> Using cache
 ---> efdd10f12716
Successfully built efdd10f12716
Successfully tagged zbw/centos7/mariadb:latest
Sending build context to Docker daemon  4.608kB
Step 1/6 : FROM centos:7
 ---> 8652b9f0cb4c
Step 2/6 : RUN cd /etc/yum.repos.d && mkdir backup && mv *.repo backup
 ---> Using cache
 ---> 92a8951bf219
Step 3/6 : COPY *.repo /etc/yum.repos.d/
 ---> Using cache
 ---> 635df6f3c457
Step 4/6 : RUN yum clean all     && yum install -y mariadb mariadb-server     && yum clean all
 ---> Using cache
 ---> c63c8acbdb4e
Step 5/6 : EXPOSE 3306
 ---> Using cache
 ---> 3ad238e77f7b
Step 6/6 : ENTRYPOINT [ "/bin/bash" ]
 ---> Using cache
 ---> efdd10f12716
Successfully built efdd10f12716
Successfully tagged zbw/centos7/mariadb:latest
Sending build context to Docker daemon  4.608kB
Step 1/6 : FROM centos:7
 ---> 8652b9f0cb4c
Step 2/6 : RUN cd /etc/yum.repos.d && mkdir backup && mv *.repo backup
 ---> Using cache
 ---> 92a8951bf219
Step 3/6 : COPY *.repo /etc/yum.repos.d/
 ---> Using cache
 ---> 635df6f3c457
Step 4/6 : RUN yum clean all     && yum install -y mariadb mariadb-server     && yum clean all
 ---> Using cache
 ---> c63c8acbdb4e
Step 5/6 : EXPOSE 3306
 ---> Using cache
 ---> 3ad238e77f7b
Step 6/6 : ENTRYPOINT [ "/bin/bash" ]
 ---> Using cache
 ---> efdd10f12716
Successfully built efdd10f12716
Successfully tagged zbw/centos7/mariadb:latest
Sending build context to Docker daemon  4.608kB
Step 1/6 : FROM centos:7
 ---> 8652b9f0cb4c
Step 2/6 : RUN cd /etc/yum.repos.d && mkdir backup && mv *.repo backup
 ---> Using cache
 ---> 92a8951bf219
Step 3/6 : COPY *.repo /etc/yum.repos.d/
 ---> Using cache
 ---> 635df6f3c457
Step 4/6 : RUN yum clean all     && yum install -y mariadb mariadb-server     && yum clean all
 ---> Using cache
 ---> c63c8acbdb4e
Step 5/6 : EXPOSE 3306
 ---> Using cache
 ---> 3ad238e77f7b
Step 6/6 : ENTRYPOINT [ "/bin/bash" ]
 ---> Using cache
 ---> efdd10f12716
Successfully built efdd10f12716
Successfully tagged zbw/centos7/mariadb:latest
Sending build context to Docker daemon  4.608kB
Step 1/6 : FROM centos:7
 ---> 8652b9f0cb4c
Step 2/6 : RUN cd /etc/yum.repos.d && mkdir backup && mv *.repo backup
 ---> Using cache
 ---> 92a8951bf219
Step 3/6 : COPY *.repo /etc/yum.repos.d/
 ---> Using cache
 ---> 635df6f3c457
Step 4/6 : RUN yum clean all     && yum install -y mariadb mariadb-server     && yum clean all
 ---> Using cache
 ---> c63c8acbdb4e
Step 5/6 : EXPOSE 3306
 ---> Using cache
 ---> 3ad238e77f7b
Step 6/6 : ENTRYPOINT [ "/bin/bash" ]
 ---> Using cache
 ---> efdd10f12716
Successfully built efdd10f12716
Successfully tagged zbw/centos7/mariadb:latest
Sending build context to Docker daemon  4.608kB
Step 1/6 : FROM centos:7
 ---> 8652b9f0cb4c
Step 2/6 : RUN cd /etc/yum.repos.d && mkdir backup && mv *.repo backup
 ---> Using cache
 ---> f3930941b474
Step 3/6 : COPY *.repo /etc/yum.repos.d/
 ---> Using cache
 ---> d871f666b200
Step 4/6 : RUN yum clean all     && yum install -y mariadb mariadb-server     && yum clean all
 ---> Using cache
 ---> 67eb8627dbb8
Step 5/6 : EXPOSE 3306
 ---> Using cache
 ---> efe15170665d
Step 6/6 : ENTRYPOINT [ "/bin/bash" ]
 ---> Using cache
 ---> 798010372f26
Successfully built 798010372f26
Successfully tagged zbw/centos7/mariadb:latest
